<?xml version="1.0" encoding="UTF-8"?>
<testng-results ignored="0" total="1" passed="1" failed="0" skipped="0">
  <reporter-output>
  </reporter-output>
  <suite started-at="2022-06-16T18:01:37 PDT" name="Default suite" finished-at="2022-06-16T18:02:04 PDT" duration-ms="27145">
    <groups>
    </groups>
    <test started-at="2022-06-16T18:01:37 PDT" name="Default test" finished-at="2022-06-16T18:02:04 PDT" duration-ms="27145">
      <class name="testCases.TC001_LocatorLearning">
        <test-method is-config="true" signature="setDriver()[pri:0, instance:testCases.TC001_LocatorLearning@25641d39]" started-at="2022-06-16T18:01:34 PDT" name="setDriver" finished-at="2022-06-16T18:01:37 PDT" duration-ms="3068" status="PASS">
          <reporter-output>
          </reporter-output>
        </test-method> <!-- setDriver -->
        <test-method signature="LocatorLearning()[pri:0, instance:testCases.TC001_LocatorLearning@25641d39]" started-at="2022-06-16T18:01:37 PDT" name="LocatorLearning" finished-at="2022-06-16T18:02:04 PDT" duration-ms="27112" status="PASS">
          <reporter-output>
          </reporter-output>
        </test-method> <!-- LocatorLearning -->
        <test-method is-config="true" signature="closeWindows()[pri:0, instance:testCases.TC001_LocatorLearning@25641d39]" started-at="2022-06-16T18:02:04 PDT" name="closeWindows" finished-at="2022-06-16T18:02:04 PDT" duration-ms="174" status="PASS">
          <reporter-output>
          </reporter-output>
        </test-method> <!-- closeWindows -->
      </class> <!-- testCases.TC001_LocatorLearning -->
    </test> <!-- Default test -->
  </suite> <!-- Default suite -->
</testng-results>
